<?xml version="1.0" encoding="UTF-8"?>
<testsuites name="Mocha Tests" time="0.025" tests="6" failures="1">
  <testsuite name="Root Suite" timestamp="2024-10-22T04:35:35" tests="0" time="0.000" failures="0">
  </testsuite>
  <testsuite name="Password Generator Tests" timestamp="2024-10-22T04:35:35" tests="6" file="C:\Users\aliff\OneDrive\Documents\tekweb\web-technology-mid-test-alifmuh11\test\test.js" time="0.022" failures="1">
    <testcase name="Password Generator Tests should generate a password of the specified length" time="0.004" classname="should generate a password of the specified length">
    </testcase>
    <testcase name="Password Generator Tests should contain uppercase letters if selected" time="0.001" classname="should contain uppercase letters if selected">
    </testcase>
    <testcase name="Password Generator Tests should contain lowercase letters if selected" time="0.001" classname="should contain lowercase letters if selected">
    </testcase>
    <testcase name="Password Generator Tests should contain numbers if selected" time="0.000" classname="should contain numbers if selected">
    </testcase>
    <testcase name="Password Generator Tests should contain special characters if selected" time="0.000" classname="should contain special characters if selected">
    </testcase>
    <testcase name="Password Generator Tests should throw an error if no character type is selected" time="0.003" classname="should throw an error if no character type is selected">
      <failure message="expected [Function] to throw error including &apos;At least one character type must be s…&apos; but got &apos;alert is not defined&apos;" type="AssertionError"><![CDATA[AssertionError: expected [Function] to throw error including 'At least one character type must be s…' but got 'alert is not defined'
    at Context.<anonymous> (file:///C:/Users/aliff/OneDrive/Documents/tekweb/web-technology-mid-test-alifmuh11/test/test.js:76:21)
    at process.processImmediate (node:internal/timers:478:21)

      + expected - actual

      -alert is not defined
      +At least one character type must be selected.
      ]]></failure>
    </testcase>
  </testsuite>
</testsuites>